This is pdfTeX, Version 3.141592653-2.6-1.40.26 (MiKTeX 24.3) (preloaded format=pdflatex 2024.3.13)  22 MAR 2024 19:41
entering extended mode
 restricted \write18 enabled.
 %&-line parsing enabled.
**./main.tex
(main.tex
LaTeX2e <2023-11-01> patch level 1
L3 programming layer <2024-02-20>

(C:\Users\ASUS TUF GAMING\AppData\Local\Programs\MiKTeX\tex/latex/base\report.c
ls
Document Class: report 2023/05/17 v1.4n Standard LaTeX document class

(C:\Users\ASUS TUF GAMING\AppData\Local\Programs\MiKTeX\tex/latex/base\size12.c
lo
File: size12.clo 2023/05/17 v1.4n Standard LaTeX file (size option)
)
\c@part=\count188
\c@chapter=\count189
\c@section=\count190
\c@subsection=\count191
\c@subsubsection=\count192
\c@paragraph=\count193
\c@subparagraph=\count194
\c@figure=\count195
\c@table=\count196
\abovecaptionskip=\skip48
\belowcaptionskip=\skip49
\bibindent=\dimen140
) (lib/lib.sty
(C:\Users\ASUS TUF GAMING\AppData\Local\Programs\MiKTeX\tex/latex/geometry\geom
etry.sty
Package: geometry 2020/01/02 v5.9 Page Geometry

(C:\Users\ASUS TUF GAMING\AppData\Local\Programs\MiKTeX\tex/latex/graphics\keyv
al.sty
Package: keyval 2022/05/29 v1.15 key=value parser (DPC)
\KV@toks@=\toks17
)
(C:\Users\ASUS TUF GAMING\AppData\Local\Programs\MiKTeX\tex/generic/iftex\ifvte
x.sty
Package: ifvtex 2019/10/25 v1.7 ifvtex legacy package. Use iftex instead.

(C:\Users\ASUS TUF GAMING\AppData\Local\Programs\MiKTeX\tex/generic/iftex\iftex
.sty
Package: iftex 2022/02/03 v1.0f TeX engine tests
))
\Gm@cnth=\count197
\Gm@cntv=\count198
\c@Gm@tempcnt=\count199
\Gm@bindingoffset=\dimen141
\Gm@wd@mp=\dimen142
\Gm@odd@mp=\dimen143
\Gm@even@mp=\dimen144
\Gm@layoutwidth=\dimen145
\Gm@layoutheight=\dimen146
\Gm@layouthoffset=\dimen147
\Gm@layoutvoffset=\dimen148
\Gm@dimlist=\toks18

(C:\Users\ASUS TUF GAMING\AppData\Local\Programs\MiKTeX\tex/latex/geometry\geom
etry.cfg))
(C:\Users\ASUS TUF GAMING\AppData\Local\Programs\MiKTeX\tex/latex/hyperref\hype
rref.sty
Package: hyperref 2024-01-20 v7.01h Hypertext links for LaTeX

(C:\Users\ASUS TUF GAMING\AppData\Local\Programs\MiKTeX\tex/latex/kvsetkeys\kvs
etkeys.sty
Package: kvsetkeys 2022-10-05 v1.19 Key value parser (HO)
)
(C:\Users\ASUS TUF GAMING\AppData\Local\Programs\MiKTeX\tex/generic/kvdefinekey
s\kvdefinekeys.sty
Package: kvdefinekeys 2019-12-19 v1.6 Define keys (HO)
)
(C:\Users\ASUS TUF GAMING\AppData\Local\Programs\MiKTeX\tex/generic/pdfescape\p
dfescape.sty
Package: pdfescape 2019/12/09 v1.15 Implements pdfTeX's escape features (HO)

(C:\Users\ASUS TUF GAMING\AppData\Local\Programs\MiKTeX\tex/generic/ltxcmds\ltx
cmds.sty
Package: ltxcmds 2023-12-04 v1.26 LaTeX kernel commands for general use (HO)
)
(C:\Users\ASUS TUF GAMING\AppData\Local\Programs\MiKTeX\tex/generic/pdftexcmds\
pdftexcmds.sty
Package: pdftexcmds 2020-06-27 v0.33 Utility functions of pdfTeX for LuaTeX (HO
)

(C:\Users\ASUS TUF GAMING\AppData\Local\Programs\MiKTeX\tex/generic/infwarerr\i
nfwarerr.sty
Package: infwarerr 2019/12/03 v1.5 Providing info/warning/error messages (HO)
)
Package pdftexcmds Info: \pdf@primitive is available.
Package pdftexcmds Info: \pdf@ifprimitive is available.
Package pdftexcmds Info: \pdfdraftmode found.
))
(C:\Users\ASUS TUF GAMING\AppData\Local\Programs\MiKTeX\tex/latex/hycolor\hycol
or.sty
Package: hycolor 2020-01-27 v1.10 Color options for hyperref/bookmark (HO)
)
(C:\Users\ASUS TUF GAMING\AppData\Local\Programs\MiKTeX\tex/latex/auxhook\auxho
ok.sty
Package: auxhook 2019-12-17 v1.6 Hooks for auxiliary files (HO)
)
(C:\Users\ASUS TUF GAMING\AppData\Local\Programs\MiKTeX\tex/latex/hyperref\name
ref.sty
Package: nameref 2023-11-26 v2.56 Cross-referencing by name of section

(C:\Users\ASUS TUF GAMING\AppData\Local\Programs\MiKTeX\tex/latex/refcount\refc
ount.sty
Package: refcount 2019/12/15 v3.6 Data extraction from label references (HO)
)
(C:\Users\ASUS TUF GAMING\AppData\Local\Programs\MiKTeX\tex/generic/gettitlestr
ing\gettitlestring.sty
Package: gettitlestring 2019/12/15 v1.6 Cleanup title references (HO)

(C:\Users\ASUS TUF GAMING\AppData\Local\Programs\MiKTeX\tex/latex/kvoptions\kvo
ptions.sty
Package: kvoptions 2022-06-15 v3.15 Key value format for package options (HO)
))
\c@section@level=\count266
)
(C:\Users\ASUS TUF GAMING\AppData\Local\Programs\MiKTeX\tex/latex/etoolbox\etoo
lbox.sty
Package: etoolbox 2020/10/05 v2.5k e-TeX tools for LaTeX (JAW)
\etb@tempcnta=\count267
)
\@linkdim=\dimen149
\Hy@linkcounter=\count268
\Hy@pagecounter=\count269

(C:\Users\ASUS TUF GAMING\AppData\Local\Programs\MiKTeX\tex/latex/hyperref\pd1e
nc.def
File: pd1enc.def 2024-01-20 v7.01h Hyperref: PDFDocEncoding definition (HO)
Now handling font encoding PD1 ...
... no UTF-8 mapping file for font encoding PD1
)
(C:\Users\ASUS TUF GAMING\AppData\Local\Programs\MiKTeX\tex/generic/intcalc\int
calc.sty
Package: intcalc 2019/12/15 v1.3 Expandable calculations with integers (HO)
)
\Hy@SavedSpaceFactor=\count270

(C:\Users\ASUS TUF GAMING\AppData\Local\Programs\MiKTeX\tex/latex/hyperref\puen
c.def
File: puenc.def 2024-01-20 v7.01h Hyperref: PDF Unicode definition (HO)
Now handling font encoding PU ...
... no UTF-8 mapping file for font encoding PU
)
Package hyperref Info: Option `unicode' set `true' on input line 4062.
Package hyperref Info: Hyper figures OFF on input line 4179.
Package hyperref Info: Link nesting OFF on input line 4184.
Package hyperref Info: Hyper index ON on input line 4187.
Package hyperref Info: Plain pages OFF on input line 4194.
Package hyperref Info: Backreferencing OFF on input line 4199.
Package hyperref Info: Implicit mode ON; LaTeX internals redefined.
Package hyperref Info: Bookmarks ON on input line 4446.
\c@Hy@tempcnt=\count271

(C:\Users\ASUS TUF GAMING\AppData\Local\Programs\MiKTeX\tex/latex/url\url.sty
\Urlmuskip=\muskip16
Package: url 2013/09/16  ver 3.4  Verb mode for urls, etc.
)
LaTeX Info: Redefining \url on input line 4784.
\XeTeXLinkMargin=\dimen150

(C:\Users\ASUS TUF GAMING\AppData\Local\Programs\MiKTeX\tex/generic/bitset\bits
et.sty
Package: bitset 2019/12/09 v1.3 Handle bit-vector datatype (HO)

(C:\Users\ASUS TUF GAMING\AppData\Local\Programs\MiKTeX\tex/generic/bigintcalc\
bigintcalc.sty
Package: bigintcalc 2019/12/15 v1.5 Expandable calculations on big integers (HO
)
))
\Fld@menulength=\count272
\Field@Width=\dimen151
\Fld@charsize=\dimen152
Package hyperref Info: Hyper figures OFF on input line 6063.
Package hyperref Info: Link nesting OFF on input line 6068.
Package hyperref Info: Hyper index ON on input line 6071.
Package hyperref Info: backreferencing OFF on input line 6078.
Package hyperref Info: Link coloring OFF on input line 6083.
Package hyperref Info: Link coloring with OCG OFF on input line 6088.
Package hyperref Info: PDF/A mode OFF on input line 6093.

(C:\Users\ASUS TUF GAMING\AppData\Local\Programs\MiKTeX\tex/latex/base\atbegshi
-ltx.sty
Package: atbegshi-ltx 2021/01/10 v1.0c Emulation of the original atbegshi
package with kernel methods
)
\Hy@abspage=\count273
\c@Item=\count274
\c@Hfootnote=\count275
)
Package hyperref Info: Driver (autodetected): hpdftex.

(C:\Users\ASUS TUF GAMING\AppData\Local\Programs\MiKTeX\tex/latex/hyperref\hpdf
tex.def
File: hpdftex.def 2024-01-20 v7.01h Hyperref driver for pdfTeX

(C:\Users\ASUS TUF GAMING\AppData\Local\Programs\MiKTeX\tex/latex/base\atveryen
d-ltx.sty
Package: atveryend-ltx 2020/08/19 v1.0a Emulation of the original atveryend pac
kage
with kernel methods
)
\Fld@listcount=\count276
\c@bookmark@seq@number=\count277

(C:\Users\ASUS TUF GAMING\AppData\Local\Programs\MiKTeX\tex/latex/rerunfilechec
k\rerunfilecheck.sty
Package: rerunfilecheck 2022-07-10 v1.10 Rerun checks for auxiliary files (HO)

(C:\Users\ASUS TUF GAMING\AppData\Local\Programs\MiKTeX\tex/generic/uniquecount
er\uniquecounter.sty
Package: uniquecounter 2019/12/15 v1.4 Provide unlimited unique counter (HO)
)
Package uniquecounter Info: New unique counter `rerunfilecheck' on input line 2
85.
)
\Hy@SectionHShift=\skip50
)
(C:\Users\ASUS TUF GAMING\AppData\Local\Programs\MiKTeX\tex/generic/babel\babel
.sty
Package: babel 2024/02/07 v24.2 The Babel package
\babel@savecnt=\count278
\U@D=\dimen153
\l@unhyphenated=\language79

(C:\Users\ASUS TUF GAMING\AppData\Local\Programs\MiKTeX\tex/generic/babel\txtba
bel.def)
\bbl@readstream=\read2
\bbl@dirlevel=\count279

*************************************
* Local config file bblopts.cfg used
*

(C:\Users\ASUS TUF GAMING\AppData\Local\Programs\MiKTeX\tex/latex/arabi\bblopts
.cfg
File: bblopts.cfg 2005/09/08 v0.1 add Arabic and Farsi to "declared" options of
 babel
)
(C:\Users\ASUS TUF GAMING\AppData\Local\Programs\MiKTeX\tex/latex/babel-english
\english.ldf
Language: english 2017/06/06 v3.3r English support from the babel system
Package babel Info: Hyphen rules for 'canadian' set to \l@english
(babel)             (\language0). Reported on input line 102.
Package babel Info: Hyphen rules for 'australian' set to \l@ukenglish
(babel)             (\language73). Reported on input line 105.
Package babel Info: Hyphen rules for 'newzealand' set to \l@ukenglish
(babel)             (\language73). Reported on input line 108.
))
(C:\Users\ASUS TUF GAMING\AppData\Local\Programs\MiKTeX\tex/generic/babel/local
e/en\babel-english.tex
Package babel Info: Importing font and identification data for english
(babel)             from babel-en.ini. Reported on input line 11.
)
(C:\Users\ASUS TUF GAMING\AppData\Local\Programs\MiKTeX\tex/latex/biblatex\bibl
atex.sty
Package: biblatex 2023/03/05 v3.19 programmable bibliographies (PK/MW)

(C:\Users\ASUS TUF GAMING\AppData\Local\Programs\MiKTeX\tex/latex/logreq\logreq
.sty
Package: logreq 2010/08/04 v1.0 xml request logger
\lrq@indent=\count280

(C:\Users\ASUS TUF GAMING\AppData\Local\Programs\MiKTeX\tex/latex/logreq\logreq
.def
File: logreq.def 2010/08/04 v1.0 logreq spec v1.0
))
(C:\Users\ASUS TUF GAMING\AppData\Local\Programs\MiKTeX\tex/latex/base\ifthen.s
ty
Package: ifthen 2022/04/13 v1.1d Standard LaTeX ifthen package (DPC)
)
\c@tabx@nest=\count281
\c@listtotal=\count282
\c@listcount=\count283
\c@liststart=\count284
\c@liststop=\count285
\c@citecount=\count286
\c@citetotal=\count287
\c@multicitecount=\count288
\c@multicitetotal=\count289
\c@instcount=\count290
\c@maxnames=\count291
\c@minnames=\count292
\c@maxitems=\count293
\c@minitems=\count294
\c@citecounter=\count295
\c@maxcitecounter=\count296
\c@savedcitecounter=\count297
\c@uniquelist=\count298
\c@uniquename=\count299
\c@refsection=\count300
\c@refsegment=\count301
\c@maxextratitle=\count302
\c@maxextratitleyear=\count303
\c@maxextraname=\count304
\c@maxextradate=\count305
\c@maxextraalpha=\count306
\c@abbrvpenalty=\count307
\c@highnamepenalty=\count308
\c@lownamepenalty=\count309
\c@maxparens=\count310
\c@parenlevel=\count311
\blx@tempcnta=\count312
\blx@tempcntb=\count313
\blx@tempcntc=\count314
\c@blx@maxsection=\count315
\blx@maxsegment@0=\count316
\blx@notetype=\count317
\blx@parenlevel@text=\count318
\blx@parenlevel@foot=\count319
\blx@sectionciteorder@0=\count320
\blx@sectionciteorderinternal@0=\count321
\blx@entrysetcounter=\count322
\blx@biblioinstance=\count323
\labelnumberwidth=\skip51
\labelalphawidth=\skip52
\biblabelsep=\skip53
\bibitemsep=\skip54
\bibnamesep=\skip55
\bibinitsep=\skip56
\bibparsep=\skip57
\bibhang=\skip58
\blx@bcfin=\read3
\blx@bcfout=\write3
\blx@langwohyphens=\language80
\c@mincomprange=\count324
\c@maxcomprange=\count325
\c@mincompwidth=\count326
Package biblatex Info: Trying to load biblatex default data model...
Package biblatex Info: ... file 'blx-dm.def' found.

(C:\Users\ASUS TUF GAMING\AppData\Local\Programs\MiKTeX\tex/latex/biblatex\blx-
dm.def
File: blx-dm.def 2023/03/05 v3.19 biblatex localization (PK/MW)
)
Package biblatex Info: Trying to load biblatex style data model...
Package biblatex Info: ... file 'numeric.dbx' not found.
Package biblatex Info: Trying to load biblatex custom data model...
Package biblatex Info: ... file 'biblatex-dm.cfg' not found.
\c@afterword=\count327
\c@savedafterword=\count328
\c@annotator=\count329
\c@savedannotator=\count330
\c@author=\count331
\c@savedauthor=\count332
\c@bookauthor=\count333
\c@savedbookauthor=\count334
\c@commentator=\count335
\c@savedcommentator=\count336
\c@editor=\count337
\c@savededitor=\count338
\c@editora=\count339
\c@savededitora=\count340
\c@editorb=\count341
\c@savededitorb=\count342
\c@editorc=\count343
\c@savededitorc=\count344
\c@foreword=\count345
\c@savedforeword=\count346
\c@holder=\count347
\c@savedholder=\count348
\c@introduction=\count349
\c@savedintroduction=\count350
\c@namea=\count351
\c@savednamea=\count352
\c@nameb=\count353
\c@savednameb=\count354
\c@namec=\count355
\c@savednamec=\count356
\c@translator=\count357
\c@savedtranslator=\count358
\c@shortauthor=\count359
\c@savedshortauthor=\count360
\c@shorteditor=\count361
\c@savedshorteditor=\count362
\c@labelname=\count363
\c@savedlabelname=\count364
\c@institution=\count365
\c@savedinstitution=\count366
\c@lista=\count367
\c@savedlista=\count368
\c@listb=\count369
\c@savedlistb=\count370
\c@listc=\count371
\c@savedlistc=\count372
\c@listd=\count373
\c@savedlistd=\count374
\c@liste=\count375
\c@savedliste=\count376
\c@listf=\count377
\c@savedlistf=\count378
\c@location=\count379
\c@savedlocation=\count380
\c@organization=\count381
\c@savedorganization=\count382
\c@origlocation=\count383
\c@savedoriglocation=\count384
\c@origpublisher=\count385
\c@savedorigpublisher=\count386
\c@publisher=\count387
\c@savedpublisher=\count388
\c@language=\count389
\c@savedlanguage=\count390
\c@origlanguage=\count391
\c@savedoriglanguage=\count392
\c@pageref=\count393
\c@savedpageref=\count394
\shorthandwidth=\skip59
\shortjournalwidth=\skip60
\shortserieswidth=\skip61
\shorttitlewidth=\skip62
\shortauthorwidth=\skip63
\shorteditorwidth=\skip64
\locallabelnumberwidth=\skip65
\locallabelalphawidth=\skip66
\localshorthandwidth=\skip67
\localshortjournalwidth=\skip68
\localshortserieswidth=\skip69
\localshorttitlewidth=\skip70
\localshortauthorwidth=\skip71
\localshorteditorwidth=\skip72
Package biblatex Info: Trying to load compatibility code...
Package biblatex Info: ... file 'blx-compat.def' found.

(C:\Users\ASUS TUF GAMING\AppData\Local\Programs\MiKTeX\tex/latex/biblatex\blx-
compat.def
File: blx-compat.def 2023/03/05 v3.19 biblatex compatibility (PK/MW)
)
Package biblatex Info: Trying to load generic definitions...
Package biblatex Info: ... file 'biblatex.def' found.

(C:\Users\ASUS TUF GAMING\AppData\Local\Programs\MiKTeX\tex/latex/biblatex\bibl
atex.def
File: biblatex.def 2023/03/05 v3.19 biblatex compatibility (PK/MW)
\c@textcitecount=\count395
\c@textcitetotal=\count396
\c@textcitemaxnames=\count397
\c@biburlbigbreakpenalty=\count398
\c@biburlbreakpenalty=\count399
\c@biburlnumpenalty=\count400
\c@biburlucpenalty=\count401
\c@biburllcpenalty=\count402
\biburlbigskip=\muskip17
\biburlnumskip=\muskip18
\biburlucskip=\muskip19
\biburllcskip=\muskip20
\c@smartand=\count403
)
Package biblatex Info: Trying to load natbib compatibility...
Package biblatex Info: ... file 'blx-natbib.def' found.

(C:\Users\ASUS TUF GAMING\AppData\Local\Programs\MiKTeX\tex/latex/biblatex\blx-
natbib.def
File: blx-natbib.def 2023/03/05 v3.19 biblatex compatibility (PK/MW)
Package biblatex Info: Delimiter 'nameyeardelim' in context '' already defined,
 overwriting.
)
Package biblatex Info: Trying to load bibliography style 'numeric'...
Package biblatex Info: ... file 'numeric.bbx' found.

(C:\Users\ASUS TUF GAMING\AppData\Local\Programs\MiKTeX\tex/latex/biblatex/bbx\
numeric.bbx
File: numeric.bbx 2023/03/05 v3.19 biblatex bibliography style (PK/MW)
Package biblatex Info: Trying to load bibliography style 'standard'...
Package biblatex Info: ... file 'standard.bbx' found.

(C:\Users\ASUS TUF GAMING\AppData\Local\Programs\MiKTeX\tex/latex/biblatex/bbx\
standard.bbx
File: standard.bbx 2023/03/05 v3.19 biblatex bibliography style (PK/MW)
\c@bbx:relatedcount=\count404
\c@bbx:relatedtotal=\count405
))
Package biblatex Info: Trying to load citation style 'numeric'...
Package biblatex Info: ... file 'numeric.cbx' found.

(C:\Users\ASUS TUF GAMING\AppData\Local\Programs\MiKTeX\tex/latex/biblatex/cbx\
numeric.cbx
File: numeric.cbx 2023/03/05 v3.19 biblatex citation style (PK/MW)
Package biblatex Info: Redefining '\cite'.
Package biblatex Info: Redefining '\parencite'.
Package biblatex Info: Redefining '\footcite'.
Package biblatex Info: Redefining '\footcitetext'.
Package biblatex Info: Redefining '\smartcite'.
Package biblatex Info: Redefining '\supercite'.
Package biblatex Info: Redefining '\textcite'.
Package biblatex Info: Redefining '\textcites'.
Package biblatex Info: Redefining '\cites'.
Package biblatex Info: Redefining '\parencites'.
Package biblatex Info: Redefining '\smartcites'.
)
Package biblatex Info: Trying to load configuration file...
Package biblatex Info: ... file 'biblatex.cfg' found.

(C:\Users\ASUS TUF GAMING\AppData\Local\Programs\MiKTeX\tex/latex/biblatex\bibl
atex.cfg
File: biblatex.cfg 
)
Package biblatex Info: Input encoding 'utf8' detected.
Package biblatex Info: Document encoding is UTF8 ....

(C:\Users\ASUS TUF GAMING\AppData\Local\Programs\MiKTeX\tex/latex/l3kernel\expl
3.sty
Package: expl3 2024-02-20 L3 programming layer (loader) 

(C:\Users\ASUS TUF GAMING\AppData\Local\Programs\MiKTeX\tex/latex/l3backend\l3b
ackend-pdftex.def
File: l3backend-pdftex.def 2024-02-20 L3 backend support: PDF output (pdfTeX)
\l__color_backend_stack_int=\count406
\l__pdf_internal_box=\box51
))
Package biblatex Info: ... and expl3
(biblatex)             2024-02-20 L3 programming layer (loader) 
(biblatex)             is new enough (at least 2020/04/06),
(biblatex)             setting 'casechanger=expl3'.

(C:\Users\ASUS TUF GAMING\AppData\Local\Programs\MiKTeX\tex/latex/biblatex\blx-
case-expl3.sty
(C:\Users\ASUS TUF GAMING\AppData\Local\Programs\MiKTeX\tex/latex/l3packages/xp
arse\xparse.sty
Package: xparse 2024-02-18 L3 Experimental document command parser
)
Package: blx-case-expl3 2023/03/05 v3.19 expl3 case changing code for biblatex
))
(C:\Users\ASUS TUF GAMING\AppData\Local\Programs\MiKTeX\tex/latex/amsmath\amsma
th.sty
Package: amsmath 2023/05/13 v2.17o AMS math features
\@mathmargin=\skip73

For additional information on amsmath, use the `?' option.

(C:\Users\ASUS TUF GAMING\AppData\Local\Programs\MiKTeX\tex/latex/amsmath\amste
xt.sty
Package: amstext 2021/08/26 v2.01 AMS text

(C:\Users\ASUS TUF GAMING\AppData\Local\Programs\MiKTeX\tex/latex/amsmath\amsge
n.sty
File: amsgen.sty 1999/11/30 v2.0 generic functions
\@emptytoks=\toks19
\ex@=\dimen154
))
(C:\Users\ASUS TUF GAMING\AppData\Local\Programs\MiKTeX\tex/latex/amsmath\amsbs
y.sty
Package: amsbsy 1999/11/29 v1.2d Bold Symbols
\pmbraise@=\dimen155
)
(C:\Users\ASUS TUF GAMING\AppData\Local\Programs\MiKTeX\tex/latex/amsmath\amsop
n.sty
Package: amsopn 2022/04/08 v2.04 operator names
)
\inf@bad=\count407
LaTeX Info: Redefining \frac on input line 234.
\uproot@=\count408
\leftroot@=\count409
LaTeX Info: Redefining \overline on input line 399.
LaTeX Info: Redefining \colon on input line 410.
\classnum@=\count410
\DOTSCASE@=\count411
LaTeX Info: Redefining \ldots on input line 496.
LaTeX Info: Redefining \dots on input line 499.
LaTeX Info: Redefining \cdots on input line 620.
\Mathstrutbox@=\box52
\strutbox@=\box53
LaTeX Info: Redefining \big on input line 722.
LaTeX Info: Redefining \Big on input line 723.
LaTeX Info: Redefining \bigg on input line 724.
LaTeX Info: Redefining \Bigg on input line 725.
\big@size=\dimen156
LaTeX Font Info:    Redeclaring font encoding OML on input line 743.
LaTeX Font Info:    Redeclaring font encoding OMS on input line 744.
\macc@depth=\count412
LaTeX Info: Redefining \bmod on input line 905.
LaTeX Info: Redefining \pmod on input line 910.
LaTeX Info: Redefining \smash on input line 940.
LaTeX Info: Redefining \relbar on input line 970.
LaTeX Info: Redefining \Relbar on input line 971.
\c@MaxMatrixCols=\count413
\dotsspace@=\muskip21
\c@parentequation=\count414
\dspbrk@lvl=\count415
\tag@help=\toks20
\row@=\count416
\column@=\count417
\maxfields@=\count418
\andhelp@=\toks21
\eqnshift@=\dimen157
\alignsep@=\dimen158
\tagshift@=\dimen159
\tagwidth@=\dimen160
\totwidth@=\dimen161
\lineht@=\dimen162
\@envbody=\toks22
\multlinegap=\skip74
\multlinetaggap=\skip75
\mathdisplay@stack=\toks23
LaTeX Info: Redefining \[ on input line 2953.
LaTeX Info: Redefining \] on input line 2954.
)
(C:\Users\ASUS TUF GAMING\AppData\Local\Programs\MiKTeX\tex/latex/amsfonts\amsf
onts.sty
Package: amsfonts 2013/01/14 v3.01 Basic AMSFonts support
\symAMSa=\mathgroup4
\symAMSb=\mathgroup5
LaTeX Font Info:    Redeclaring math symbol \hbar on input line 98.
LaTeX Font Info:    Overwriting math alphabet `\mathfrak' in version `bold'
(Font)                  U/euf/m/n --> U/euf/b/n on input line 106.
)
(C:\Users\ASUS TUF GAMING\AppData\Local\Programs\MiKTeX\tex/latex/amsfonts\amss
ymb.sty
Package: amssymb 2013/01/14 v3.01 AMS font symbols
)
(C:\Users\ASUS TUF GAMING\AppData\Local\Programs\MiKTeX\tex/latex/graphics\grap
hicx.sty
Package: graphicx 2021/09/16 v1.2d Enhanced LaTeX Graphics (DPC,SPQR)

(C:\Users\ASUS TUF GAMING\AppData\Local\Programs\MiKTeX\tex/latex/graphics\grap
hics.sty
Package: graphics 2022/03/10 v1.4e Standard LaTeX Graphics (DPC,SPQR)

(C:\Users\ASUS TUF GAMING\AppData\Local\Programs\MiKTeX\tex/latex/graphics\trig
.sty
Package: trig 2021/08/11 v1.11 sin cos tan (DPC)
)
(C:\Users\ASUS TUF GAMING\AppData\Local\Programs\MiKTeX\tex/latex/graphics-cfg\
graphics.cfg
File: graphics.cfg 2016/06/04 v1.11 sample graphics configuration
)
Package graphics Info: Driver file: pdftex.def on input line 107.

(C:\Users\ASUS TUF GAMING\AppData\Local\Programs\MiKTeX\tex/latex/graphics-def\
pdftex.def
File: pdftex.def 2022/09/22 v1.2b Graphics/color driver for pdftex
))
\Gin@req@height=\dimen163
\Gin@req@width=\dimen164
)
(C:\Users\ASUS TUF GAMING\AppData\Local\Programs\MiKTeX\tex/latex/tools\array.s
ty
Package: array 2023/10/16 v2.5g Tabular extension package (FMi)
\col@sep=\dimen165
\ar@mcellbox=\box54
\extrarowheight=\dimen166
\NC@list=\toks24
\extratabsurround=\skip76
\backup@length=\skip77
\ar@cellbox=\box55
)
(C:\Users\ASUS TUF GAMING\AppData\Local\Programs\MiKTeX\tex/latex/multirow\mult
irow.sty
Package: multirow 2021/03/15 v2.8 Span multiple rows of a table
\multirow@colwidth=\skip78
\multirow@cntb=\count419
\multirow@dima=\skip79
\bigstrutjot=\dimen167
)
(C:\Users\ASUS TUF GAMING\AppData\Local\Programs\MiKTeX\tex/latex/tools\multico
l.sty
Package: multicol 2023/03/30 v1.9f multicolumn formatting (FMi)
\c@tracingmulticols=\count420
\mult@box=\box56
\multicol@leftmargin=\dimen168
\c@unbalance=\count421
\c@collectmore=\count422
\doublecol@number=\count423
\multicoltolerance=\count424
\multicolpretolerance=\count425
\full@width=\dimen169
\page@free=\dimen170
\premulticols=\dimen171
\postmulticols=\dimen172
\multicolsep=\skip80
\multicolbaselineskip=\skip81
\partial@page=\box57
\last@line=\box58
\mc@boxedresult=\box59
\maxbalancingoverflow=\dimen173
\mult@rightbox=\box60
\mult@grightbox=\box61
\mult@firstbox=\box62
\mult@gfirstbox=\box63
\@tempa=\box64
\@tempa=\box65
\@tempa=\box66
\@tempa=\box67
\@tempa=\box68
\@tempa=\box69
\@tempa=\box70
\@tempa=\box71
\@tempa=\box72
\@tempa=\box73
\@tempa=\box74
\@tempa=\box75
\@tempa=\box76
\@tempa=\box77
\@tempa=\box78
\@tempa=\box79
\@tempa=\box80
\@tempa=\box81
\@tempa=\box82
\@tempa=\box83
\@tempa=\box84
\@tempa=\box85
\@tempa=\box86
\@tempa=\box87
\@tempa=\box88
\@tempa=\box89
\@tempa=\box90
\@tempa=\box91
\@tempa=\box92
\@tempa=\box93
\@tempa=\box94
\@tempa=\box95
\@tempa=\box96
\@tempa=\box97
\@tempa=\box98
\@tempa=\box99
\c@minrows=\count426
\c@columnbadness=\count427
\c@finalcolumnbadness=\count428
\last@try=\dimen174
\multicolovershoot=\dimen175
\multicolundershoot=\dimen176
\mult@nat@firstbox=\box100
\colbreak@box=\box101
\mc@col@check@num=\count429
)
(C:\Users\ASUS TUF GAMING\AppData\Local\Programs\MiKTeX\tex/latex/minitoc\minit
oc.sty
Package: minitoc 2018/07/12 v62 Package minitoc

(C:\Users\ASUS TUF GAMING\AppData\Local\Programs\MiKTeX\tex/latex/minitoc\mtcme
ss.sty
Package: mtcmess 2006/03/14
)
Package minitoc Info: I0001
(minitoc)             *** minitoc package, version 62 ***.
\tf@mtc=\write4
\mtcindent=\skip82
\mtcskipamount=\skip83
Package minitoc Info: I0005
(minitoc)             compatible with hyperref.
Package minitoc Info: I0023
(minitoc)             part level macros available.
Package minitoc Info: I0003
(minitoc)             chapter level macros available.
\mtc@toks=\toks25
\mtc@strutbox=\box102
\mtc@hstrutbox=\box103
Package minitoc Info: I0002
(minitoc)             Autoconfiguration of extensions.
\openout4 = `main.mtc0'.

\openout4 = `main.mtc'.

 (main.mtc0)
Package minitoc Info: I0012
(minitoc)             Long extensions (Unix-like) will be used.
Package minitoc Info: I0031
(minitoc)             ==> this version is configured for UNIX-like 
(minitoc)                 (long extensions) file names.
\openout4 = `main.mtc'.

\openout4 = `main.mtc0'.

\c@mtc=\count430
\c@minitocdepth=\count431
\c@ptc=\count432
\c@parttocdepth=\count433
\ptcindent=\skip84
Package minitoc Info: I0010
(minitoc)             The english language is selected.
(minitoc)              on input line 4910.

(C:\Users\ASUS TUF GAMING\AppData\Local\Programs\MiKTeX\tex/latex/minitoc\engli
sh.mld
File: english.mld 2006/01/13
)
(C:\Users\ASUS TUF GAMING\AppData\Local\Programs\MiKTeX\tex/latex/minitoc\engli
sh.mld
File: english.mld 2006/01/13
))
(C:\Users\ASUS TUF GAMING\AppData\Local\Programs\MiKTeX\tex/latex/setspace\sets
pace.sty
Package: setspace 2022/12/04 v6.7b set line spacing
)
(C:\Users\ASUS TUF GAMING\AppData\Local\Programs\MiKTeX\tex/latex/lipsum\lipsum
.sty
(C:\Users\ASUS TUF GAMING\AppData\Local\Programs\MiKTeX\tex/latex/l3packages/l3
keys2e\l3keys2e.sty
Package: l3keys2e 2024-02-18 LaTeX2e option processing using LaTeX3 keys
)
Package: lipsum 2021-09-20 v2.7 150 paragraphs of Lorem Ipsum dummy text
\g__lipsum_par_int=\count434
\l__lipsum_a_int=\count435
\l__lipsum_b_int=\count436

(C:\Users\ASUS TUF GAMING\AppData\Local\Programs\MiKTeX\tex/latex/lipsum\lipsum
.ltd.tex))
(C:\Users\ASUS TUF GAMING\AppData\Local\Programs\MiKTeX\tex/latex/pdfpages\pdfp
ages.sty
Package: pdfpages 2024/01/21 v0.5y Insert pages of external PDF documents (AM)

(C:\Users\ASUS TUF GAMING\AppData\Local\Programs\MiKTeX\tex/latex/tools\calc.st
y
Package: calc 2023/07/08 v4.3 Infix arithmetic (KKT,FJ)
\calc@Acount=\count437
\calc@Bcount=\count438
\calc@Adimen=\dimen177
\calc@Bdimen=\dimen178
\calc@Askip=\skip85
\calc@Bskip=\skip86
LaTeX Info: Redefining \setlength on input line 80.
LaTeX Info: Redefining \addtolength on input line 81.
\calc@Ccount=\count439
\calc@Cskip=\skip87
)
(C:\Users\ASUS TUF GAMING\AppData\Local\Programs\MiKTeX\tex/latex/eso-pic\eso-p
ic.sty
Package: eso-pic 2023/05/03 v3.0c eso-pic (RN)
\ESO@tempdima=\dimen179
\ESO@tempdimb=\dimen180

(C:\Users\ASUS TUF GAMING\AppData\Local\Programs\MiKTeX\tex/latex/xcolor\xcolor
.sty
Package: xcolor 2023/11/15 v3.01 LaTeX color extensions (UK)

(C:\Users\ASUS TUF GAMING\AppData\Local\Programs\MiKTeX\tex/latex/graphics-cfg\
color.cfg
File: color.cfg 2016/01/02 v1.6 sample color configuration
)
Package xcolor Info: Driver file: pdftex.def on input line 274.

(C:\Users\ASUS TUF GAMING\AppData\Local\Programs\MiKTeX\tex/latex/graphics\math
color.ltx)
Package xcolor Info: Model `cmy' substituted by `cmy0' on input line 1350.
Package xcolor Info: Model `hsb' substituted by `rgb' on input line 1354.
Package xcolor Info: Model `RGB' extended on input line 1366.
Package xcolor Info: Model `HTML' substituted by `rgb' on input line 1368.
Package xcolor Info: Model `Hsb' substituted by `hsb' on input line 1369.
Package xcolor Info: Model `tHsb' substituted by `hsb' on input line 1370.
Package xcolor Info: Model `HSB' substituted by `hsb' on input line 1371.
Package xcolor Info: Model `Gray' substituted by `gray' on input line 1372.
Package xcolor Info: Model `wave' substituted by `hsb' on input line 1373.
))
\AM@pagewidth=\dimen181
\AM@pageheight=\dimen182
\AM@fboxrule=\dimen183

(C:\Users\ASUS TUF GAMING\AppData\Local\Programs\MiKTeX\tex/latex/pdfpages\pppd
ftex.def
File: pppdftex.def 2024/01/21 v0.5y Pdfpages driver for pdfTeX (AM)
)
\pdfpages@includegraphics@status=\count440
\AM@pagebox=\box104
\AM@global@opts=\toks26
\AM@pagecnt=\count441
\AM@toc@title=\toks27
\AM@lof@heading=\toks28
\c@AM@survey=\count442
\AM@templatesizebox=\box105
)
(C:\Users\ASUS TUF GAMING\AppData\Local\Programs\MiKTeX\tex/latex/appendix\appe
ndix.sty
Package: appendix 2020/02/08 v1.2c extra appendix facilities
\c@@pps=\count443
\c@@ppsavesec=\count444
\c@@ppsaveapp=\count445
)
(C:\Users\ASUS TUF GAMING\AppData\Local\Programs\MiKTeX\tex/latex/lettrine\lett
rine.sty
File: lettrine.sty 2024-01-20 v2.60 (Daniel Flipo)

(C:\Users\ASUS TUF GAMING\AppData\Local\Programs\MiKTeX\tex/latex/l3packages/xf
p\xfp.sty
Package: xfp 2024-02-18 L3 Floating point unit
)
\c@DefaultLines=\count446
\c@DefaultDepth=\count447
\DefaultFindent=\dimen184
\DefaultNindent=\dimen185
\DefaultSlope=\dimen186
\DiscardVskip=\dimen187
\L@lettrine=\box106
\L@lbox=\box107
\L@tbox=\box108
\c@L@lines=\count448
\c@L@depth=\count449
\L@Pindent=\dimen188
\L@Findent=\dimen189
\L@Nindent=\dimen190
\L@lraise=\dimen191
\L@first=\dimen192
\L@next=\dimen193
\L@slope=\dimen194
\L@height=\dimen195
\L@novskip=\dimen196
\L@ruleht=\dimen197
\L@target@ht=\dimen198
\L@target@dp=\dimen199
\L@target@tht=\dimen256
\LettrineWidth=\dimen257
\LettrineHeight=\dimen258
\LettrineDepth=\dimen259

Loading lettrine.cfg

(C:\Users\ASUS TUF GAMING\AppData\Local\Programs\MiKTeX\tex/latex/lettrine\lett
rine.cfg)
\Llist@everypar=\toks29
)
(C:\Users\ASUS TUF GAMING\AppData\Local\Programs\MiKTeX\tex/latex/tools\longtab
le.sty
Package: longtable 2023-11-01 v4.19 Multi-page Table package (DPC)
\LTleft=\skip88
\LTright=\skip89
\LTpre=\skip90
\LTpost=\skip91
\LTchunksize=\count450
\LTcapwidth=\dimen260
\LT@head=\box109
\LT@firsthead=\box110
\LT@foot=\box111
\LT@lastfoot=\box112
\LT@gbox=\box113
\LT@cols=\count451
\LT@rows=\count452
\c@LT@tables=\count453
\c@LT@chunks=\count454
\LT@p@ftn=\toks30
))
(C:\Users\ASUS TUF GAMING\AppData\Local\Programs\MiKTeX\tex/latex/float\float.s
ty
Package: float 2001/11/08 v1.3d Float enhancements (AL)
\c@float@type=\count455
\float@exts=\toks31
\float@box=\box114
\@float@everytoks=\toks32
\@floatcapt=\box115
)
(C:\Users\ASUS TUF GAMING\AppData\Local\Programs\MiKTeX\tex/latex/pgf/frontendl
ayer\tikz.sty
(C:\Users\ASUS TUF GAMING\AppData\Local\Programs\MiKTeX\tex/latex/pgf/basiclaye
r\pgf.sty
(C:\Users\ASUS TUF GAMING\AppData\Local\Programs\MiKTeX\tex/latex/pgf/utilities
\pgfrcs.sty
(C:\Users\ASUS TUF GAMING\AppData\Local\Programs\MiKTeX\tex/generic/pgf/utiliti
es\pgfutil-common.tex
\pgfutil@everybye=\toks33
\pgfutil@tempdima=\dimen261
\pgfutil@tempdimb=\dimen262
)
(C:\Users\ASUS TUF GAMING\AppData\Local\Programs\MiKTeX\tex/generic/pgf/utiliti
es\pgfutil-latex.def
\pgfutil@abb=\box116
)
(C:\Users\ASUS TUF GAMING\AppData\Local\Programs\MiKTeX\tex/generic/pgf/utiliti
es\pgfrcs.code.tex
(C:\Users\ASUS TUF GAMING\AppData\Local\Programs\MiKTeX\tex/generic/pgf\pgf.rev
ision.tex)
Package: pgfrcs 2023-01-15 v3.1.10 (3.1.10)
))
Package: pgf 2023-01-15 v3.1.10 (3.1.10)

(C:\Users\ASUS TUF GAMING\AppData\Local\Programs\MiKTeX\tex/latex/pgf/basiclaye
r\pgfcore.sty
(C:\Users\ASUS TUF GAMING\AppData\Local\Programs\MiKTeX\tex/latex/pgf/systemlay
er\pgfsys.sty
(C:\Users\ASUS TUF GAMING\AppData\Local\Programs\MiKTeX\tex/generic/pgf/systeml
ayer\pgfsys.code.tex
Package: pgfsys 2023-01-15 v3.1.10 (3.1.10)

(C:\Users\ASUS TUF GAMING\AppData\Local\Programs\MiKTeX\tex/generic/pgf/utiliti
es\pgfkeys.code.tex
\pgfkeys@pathtoks=\toks34
\pgfkeys@temptoks=\toks35

(C:\Users\ASUS TUF GAMING\AppData\Local\Programs\MiKTeX\tex/generic/pgf/utiliti
es\pgfkeyslibraryfiltered.code.tex
\pgfkeys@tmptoks=\toks36
))
\pgf@x=\dimen263
\pgf@y=\dimen264
\pgf@xa=\dimen265
\pgf@ya=\dimen266
\pgf@xb=\dimen267
\pgf@yb=\dimen268
\pgf@xc=\dimen269
\pgf@yc=\dimen270
\pgf@xd=\dimen271
\pgf@yd=\dimen272
\w@pgf@writea=\write5
\r@pgf@reada=\read4
\c@pgf@counta=\count456
\c@pgf@countb=\count457
\c@pgf@countc=\count458
\c@pgf@countd=\count459
\t@pgf@toka=\toks37
\t@pgf@tokb=\toks38
\t@pgf@tokc=\toks39
\pgf@sys@id@count=\count460

(C:\Users\ASUS TUF GAMING\AppData\Local\Programs\MiKTeX\tex/generic/pgf/systeml
ayer\pgf.cfg
File: pgf.cfg 2023-01-15 v3.1.10 (3.1.10)
)
Driver file for pgf: pgfsys-pdftex.def

(C:\Users\ASUS TUF GAMING\AppData\Local\Programs\MiKTeX\tex/generic/pgf/systeml
ayer\pgfsys-pdftex.def
File: pgfsys-pdftex.def 2023-01-15 v3.1.10 (3.1.10)

(C:\Users\ASUS TUF GAMING\AppData\Local\Programs\MiKTeX\tex/generic/pgf/systeml
ayer\pgfsys-common-pdf.def
File: pgfsys-common-pdf.def 2023-01-15 v3.1.10 (3.1.10)
)))
(C:\Users\ASUS TUF GAMING\AppData\Local\Programs\MiKTeX\tex/generic/pgf/systeml
ayer\pgfsyssoftpath.code.tex
File: pgfsyssoftpath.code.tex 2023-01-15 v3.1.10 (3.1.10)
\pgfsyssoftpath@smallbuffer@items=\count461
\pgfsyssoftpath@bigbuffer@items=\count462
)
(C:\Users\ASUS TUF GAMING\AppData\Local\Programs\MiKTeX\tex/generic/pgf/systeml
ayer\pgfsysprotocol.code.tex
File: pgfsysprotocol.code.tex 2023-01-15 v3.1.10 (3.1.10)
))
(C:\Users\ASUS TUF GAMING\AppData\Local\Programs\MiKTeX\tex/generic/pgf/basicla
yer\pgfcore.code.tex
Package: pgfcore 2023-01-15 v3.1.10 (3.1.10)

(C:\Users\ASUS TUF GAMING\AppData\Local\Programs\MiKTeX\tex/generic/pgf/math\pg
fmath.code.tex
(C:\Users\ASUS TUF GAMING\AppData\Local\Programs\MiKTeX\tex/generic/pgf/math\pg
fmathutil.code.tex)
(C:\Users\ASUS TUF GAMING\AppData\Local\Programs\MiKTeX\tex/generic/pgf/math\pg
fmathparser.code.tex
\pgfmath@dimen=\dimen273
\pgfmath@count=\count463
\pgfmath@box=\box117
\pgfmath@toks=\toks40
\pgfmath@stack@operand=\toks41
\pgfmath@stack@operation=\toks42
)
(C:\Users\ASUS TUF GAMING\AppData\Local\Programs\MiKTeX\tex/generic/pgf/math\pg
fmathfunctions.code.tex)
(C:\Users\ASUS TUF GAMING\AppData\Local\Programs\MiKTeX\tex/generic/pgf/math\pg
fmathfunctions.basic.code.tex)
(C:\Users\ASUS TUF GAMING\AppData\Local\Programs\MiKTeX\tex/generic/pgf/math\pg
fmathfunctions.trigonometric.code.tex)
(C:\Users\ASUS TUF GAMING\AppData\Local\Programs\MiKTeX\tex/generic/pgf/math\pg
fmathfunctions.random.code.tex)
(C:\Users\ASUS TUF GAMING\AppData\Local\Programs\MiKTeX\tex/generic/pgf/math\pg
fmathfunctions.comparison.code.tex)
(C:\Users\ASUS TUF GAMING\AppData\Local\Programs\MiKTeX\tex/generic/pgf/math\pg
fmathfunctions.base.code.tex)
(C:\Users\ASUS TUF GAMING\AppData\Local\Programs\MiKTeX\tex/generic/pgf/math\pg
fmathfunctions.round.code.tex)
(C:\Users\ASUS TUF GAMING\AppData\Local\Programs\MiKTeX\tex/generic/pgf/math\pg
fmathfunctions.misc.code.tex)
(C:\Users\ASUS TUF GAMING\AppData\Local\Programs\MiKTeX\tex/generic/pgf/math\pg
fmathfunctions.integerarithmetics.code.tex)
(C:\Users\ASUS TUF GAMING\AppData\Local\Programs\MiKTeX\tex/generic/pgf/math\pg
fmathcalc.code.tex)
(C:\Users\ASUS TUF GAMING\AppData\Local\Programs\MiKTeX\tex/generic/pgf/math\pg
fmathfloat.code.tex
\c@pgfmathroundto@lastzeros=\count464
))
(C:\Users\ASUS TUF GAMING\AppData\Local\Programs\MiKTeX\tex/generic/pgf/math\pg
fint.code.tex)
(C:\Users\ASUS TUF GAMING\AppData\Local\Programs\MiKTeX\tex/generic/pgf/basicla
yer\pgfcorepoints.code.tex
File: pgfcorepoints.code.tex 2023-01-15 v3.1.10 (3.1.10)
\pgf@picminx=\dimen274
\pgf@picmaxx=\dimen275
\pgf@picminy=\dimen276
\pgf@picmaxy=\dimen277
\pgf@pathminx=\dimen278
\pgf@pathmaxx=\dimen279
\pgf@pathminy=\dimen280
\pgf@pathmaxy=\dimen281
\pgf@xx=\dimen282
\pgf@xy=\dimen283
\pgf@yx=\dimen284
\pgf@yy=\dimen285
\pgf@zx=\dimen286
\pgf@zy=\dimen287
)
(C:\Users\ASUS TUF GAMING\AppData\Local\Programs\MiKTeX\tex/generic/pgf/basicla
yer\pgfcorepathconstruct.code.tex
File: pgfcorepathconstruct.code.tex 2023-01-15 v3.1.10 (3.1.10)
\pgf@path@lastx=\dimen288
\pgf@path@lasty=\dimen289
)
(C:\Users\ASUS TUF GAMING\AppData\Local\Programs\MiKTeX\tex/generic/pgf/basicla
yer\pgfcorepathusage.code.tex
File: pgfcorepathusage.code.tex 2023-01-15 v3.1.10 (3.1.10)
\pgf@shorten@end@additional=\dimen290
\pgf@shorten@start@additional=\dimen291
)
(C:\Users\ASUS TUF GAMING\AppData\Local\Programs\MiKTeX\tex/generic/pgf/basicla
yer\pgfcorescopes.code.tex
File: pgfcorescopes.code.tex 2023-01-15 v3.1.10 (3.1.10)
\pgfpic=\box118
\pgf@hbox=\box119
\pgf@layerbox@main=\box120
\pgf@picture@serial@count=\count465
)
(C:\Users\ASUS TUF GAMING\AppData\Local\Programs\MiKTeX\tex/generic/pgf/basicla
yer\pgfcoregraphicstate.code.tex
File: pgfcoregraphicstate.code.tex 2023-01-15 v3.1.10 (3.1.10)
\pgflinewidth=\dimen292
)
(C:\Users\ASUS TUF GAMING\AppData\Local\Programs\MiKTeX\tex/generic/pgf/basicla
yer\pgfcoretransformations.code.tex
File: pgfcoretransformations.code.tex 2023-01-15 v3.1.10 (3.1.10)
\pgf@pt@x=\dimen293
\pgf@pt@y=\dimen294
\pgf@pt@temp=\dimen295
)
(C:\Users\ASUS TUF GAMING\AppData\Local\Programs\MiKTeX\tex/generic/pgf/basicla
yer\pgfcorequick.code.tex
File: pgfcorequick.code.tex 2023-01-15 v3.1.10 (3.1.10)
)
(C:\Users\ASUS TUF GAMING\AppData\Local\Programs\MiKTeX\tex/generic/pgf/basicla
yer\pgfcoreobjects.code.tex
File: pgfcoreobjects.code.tex 2023-01-15 v3.1.10 (3.1.10)
)
(C:\Users\ASUS TUF GAMING\AppData\Local\Programs\MiKTeX\tex/generic/pgf/basicla
yer\pgfcorepathprocessing.code.tex
File: pgfcorepathprocessing.code.tex 2023-01-15 v3.1.10 (3.1.10)
)
(C:\Users\ASUS TUF GAMING\AppData\Local\Programs\MiKTeX\tex/generic/pgf/basicla
yer\pgfcorearrows.code.tex
File: pgfcorearrows.code.tex 2023-01-15 v3.1.10 (3.1.10)
\pgfarrowsep=\dimen296
)
(C:\Users\ASUS TUF GAMING\AppData\Local\Programs\MiKTeX\tex/generic/pgf/basicla
yer\pgfcoreshade.code.tex
File: pgfcoreshade.code.tex 2023-01-15 v3.1.10 (3.1.10)
\pgf@max=\dimen297
\pgf@sys@shading@range@num=\count466
\pgf@shadingcount=\count467
)
(C:\Users\ASUS TUF GAMING\AppData\Local\Programs\MiKTeX\tex/generic/pgf/basicla
yer\pgfcoreimage.code.tex
File: pgfcoreimage.code.tex 2023-01-15 v3.1.10 (3.1.10)
)
(C:\Users\ASUS TUF GAMING\AppData\Local\Programs\MiKTeX\tex/generic/pgf/basicla
yer\pgfcoreexternal.code.tex
File: pgfcoreexternal.code.tex 2023-01-15 v3.1.10 (3.1.10)
\pgfexternal@startupbox=\box121
)
(C:\Users\ASUS TUF GAMING\AppData\Local\Programs\MiKTeX\tex/generic/pgf/basicla
yer\pgfcorelayers.code.tex
File: pgfcorelayers.code.tex 2023-01-15 v3.1.10 (3.1.10)
)
(C:\Users\ASUS TUF GAMING\AppData\Local\Programs\MiKTeX\tex/generic/pgf/basicla
yer\pgfcoretransparency.code.tex
File: pgfcoretransparency.code.tex 2023-01-15 v3.1.10 (3.1.10)
)
(C:\Users\ASUS TUF GAMING\AppData\Local\Programs\MiKTeX\tex/generic/pgf/basicla
yer\pgfcorepatterns.code.tex
File: pgfcorepatterns.code.tex 2023-01-15 v3.1.10 (3.1.10)
)
(C:\Users\ASUS TUF GAMING\AppData\Local\Programs\MiKTeX\tex/generic/pgf/basicla
yer\pgfcorerdf.code.tex
File: pgfcorerdf.code.tex 2023-01-15 v3.1.10 (3.1.10)
)))
(C:\Users\ASUS TUF GAMING\AppData\Local\Programs\MiKTeX\tex/generic/pgf/modules
\pgfmoduleshapes.code.tex
File: pgfmoduleshapes.code.tex 2023-01-15 v3.1.10 (3.1.10)
\pgfnodeparttextbox=\box122
)
(C:\Users\ASUS TUF GAMING\AppData\Local\Programs\MiKTeX\tex/generic/pgf/modules
\pgfmoduleplot.code.tex
File: pgfmoduleplot.code.tex 2023-01-15 v3.1.10 (3.1.10)
)
(C:\Users\ASUS TUF GAMING\AppData\Local\Programs\MiKTeX\tex/latex/pgf/compatibi
lity\pgfcomp-version-0-65.sty
Package: pgfcomp-version-0-65 2023-01-15 v3.1.10 (3.1.10)
\pgf@nodesepstart=\dimen298
\pgf@nodesepend=\dimen299
)
(C:\Users\ASUS TUF GAMING\AppData\Local\Programs\MiKTeX\tex/latex/pgf/compatibi
lity\pgfcomp-version-1-18.sty
Package: pgfcomp-version-1-18 2023-01-15 v3.1.10 (3.1.10)
))
(C:\Users\ASUS TUF GAMING\AppData\Local\Programs\MiKTeX\tex/latex/pgf/utilities
\pgffor.sty
(C:\Users\ASUS TUF GAMING\AppData\Local\Programs\MiKTeX\tex/latex/pgf/utilities
\pgfkeys.sty
(C:\Users\ASUS TUF GAMING\AppData\Local\Programs\MiKTeX\tex/generic/pgf/utiliti
es\pgfkeys.code.tex))
(C:\Users\ASUS TUF GAMING\AppData\Local\Programs\MiKTeX\tex/latex/pgf/math\pgfm
ath.sty
(C:\Users\ASUS TUF GAMING\AppData\Local\Programs\MiKTeX\tex/generic/pgf/math\pg
fmath.code.tex))
(C:\Users\ASUS TUF GAMING\AppData\Local\Programs\MiKTeX\tex/generic/pgf/utiliti
es\pgffor.code.tex
Package: pgffor 2023-01-15 v3.1.10 (3.1.10)
\pgffor@iter=\dimen300
\pgffor@skip=\dimen301
\pgffor@stack=\toks43
\pgffor@toks=\toks44
))
(C:\Users\ASUS TUF GAMING\AppData\Local\Programs\MiKTeX\tex/generic/pgf/fronten
dlayer/tikz\tikz.code.tex
Package: tikz 2023-01-15 v3.1.10 (3.1.10)

(C:\Users\ASUS TUF GAMING\AppData\Local\Programs\MiKTeX\tex/generic/pgf/librari
es\pgflibraryplothandlers.code.tex
File: pgflibraryplothandlers.code.tex 2023-01-15 v3.1.10 (3.1.10)
\pgf@plot@mark@count=\count468
\pgfplotmarksize=\dimen302
)
\tikz@lastx=\dimen303
\tikz@lasty=\dimen304
\tikz@lastxsaved=\dimen305
\tikz@lastysaved=\dimen306
\tikz@lastmovetox=\dimen307
\tikz@lastmovetoy=\dimen308
\tikzleveldistance=\dimen309
\tikzsiblingdistance=\dimen310
\tikz@figbox=\box123
\tikz@figbox@bg=\box124
\tikz@tempbox=\box125
\tikz@tempbox@bg=\box126
\tikztreelevel=\count469
\tikznumberofchildren=\count470
\tikznumberofcurrentchild=\count471
\tikz@fig@count=\count472

(C:\Users\ASUS TUF GAMING\AppData\Local\Programs\MiKTeX\tex/generic/pgf/modules
\pgfmodulematrix.code.tex
File: pgfmodulematrix.code.tex 2023-01-15 v3.1.10 (3.1.10)
\pgfmatrixcurrentrow=\count473
\pgfmatrixcurrentcolumn=\count474
\pgf@matrix@numberofcolumns=\count475
)
\tikz@expandcount=\count476

(C:\Users\ASUS TUF GAMING\AppData\Local\Programs\MiKTeX\tex/generic/pgf/fronten
dlayer/tikz/libraries\tikzlibrarytopaths.code.tex
File: tikzlibrarytopaths.code.tex 2023-01-15 v3.1.10 (3.1.10)
)))
(C:\Users\ASUS TUF GAMING\AppData\Local\Programs\MiKTeX\tex/generic/pgf/fronten
dlayer/tikz/libraries\tikzlibrarypositioning.code.tex
File: tikzlibrarypositioning.code.tex 2023-01-15 v3.1.10 (3.1.10)
)
(C:\Users\ASUS TUF GAMING\AppData\Local\Programs\MiKTeX\tex/generic/pgf/librari
es\pgflibraryarrows.meta.code.tex
File: pgflibraryarrows.meta.code.tex 2023-01-15 v3.1.10 (3.1.10)
\pgfarrowinset=\dimen311
\pgfarrowlength=\dimen312
\pgfarrowwidth=\dimen313
\pgfarrowlinewidth=\dimen314
)
(C:\Users\ASUS TUF GAMING\AppData\Local\Programs\MiKTeX\tex/latex/caption\capti
on.sty
Package: caption 2023/08/05 v3.6o Customizing captions (AR)

(C:\Users\ASUS TUF GAMING\AppData\Local\Programs\MiKTeX\tex/latex/caption\capti
on3.sty
Package: caption3 2023/07/31 v2.4d caption3 kernel (AR)
\caption@tempdima=\dimen315
\captionmargin=\dimen316
\caption@leftmargin=\dimen317
\caption@rightmargin=\dimen318
\caption@width=\dimen319
\caption@indent=\dimen320
\caption@parindent=\dimen321
\caption@hangindent=\dimen322
Package caption Info: Standard document class detected.
)
\c@caption@flags=\count477
\c@continuedfloat=\count478
Package caption Info: float package is loaded.
Package caption Info: hyperref package is loaded.
Package caption Info: longtable package is loaded.

(C:\Users\ASUS TUF GAMING\AppData\Local\Programs\MiKTeX\tex/latex/caption\ltcap
tion.sty
Package: ltcaption 2021/01/08 v1.4c longtable captions (AR)
))
(C:\Users\ASUS TUF GAMING\AppData\Local\Programs\MiKTeX\tex/latex/caption\subca
ption.sty
Package: subcaption 2023/07/28 v1.6b Sub-captions (AR)
Package caption Info: New subtype `subfigure' on input line 238.
\c@subfigure=\count479
Package caption Info: New subtype `subtable' on input line 238.
\c@subtable=\count480
)
(C:\Users\ASUS TUF GAMING\AppData\Local\Programs\MiKTeX\tex/latex/booktabs\book
tabs.sty
Package: booktabs 2020/01/12 v1.61803398 Publication quality tables
\heavyrulewidth=\dimen323
\lightrulewidth=\dimen324
\cmidrulewidth=\dimen325
\belowrulesep=\dimen326
\belowbottomsep=\dimen327
\aboverulesep=\dimen328
\abovetopsep=\dimen329
\cmidrulesep=\dimen330
\cmidrulekern=\dimen331
\defaultaddspace=\dimen332
\@cmidla=\count481
\@cmidlb=\count482
\@aboverulesep=\dimen333
\@belowrulesep=\dimen334
\@thisruleclass=\count483
\@lastruleclass=\count484
\@thisrulewidth=\dimen335
)

Package biblatex Warning: 'babel/polyglossia' detected but 'csquotes' missing.
(biblatex)                Loading 'csquotes' recommended.

\@quotelevel=\count485
\@quotereset=\count486

LaTeX Warning: Unused global option(s):
    [2sides].

(main.aux (cover1.aux) (cover2.aux) (intro.aux) (chapter1.aux) (chapter2.aux)
(chapter3.aux

LaTeX Warning: Label `fig:usecase' multiply defined.


LaTeX Warning: Label `fig:usecase' multiply defined.


LaTeX Warning: Label `fig:usecase' multiply defined.


LaTeX Warning: Label `fig:usecase' multiply defined.


LaTeX Warning: Label `fig:usecase' multiply defined.


LaTeX Warning: Label `fig:usecase' multiply defined.


LaTeX Warning: Label `fig:usecase' multiply defined.


LaTeX Warning: Label `fig:usecase' multiply defined.


LaTeX Warning: Label `fig:usecase' multiply defined.

) (chapter4.aux) (chapter5.aux) (references.aux

LaTeX Warning: Label `' multiply defined.


LaTeX Warning: Label `' multiply defined.


LaTeX Warning: Label `' multiply defined.

))
\openout1 = `main.aux'.

LaTeX Font Info:    Checking defaults for OML/cmm/m/it on input line 33.
LaTeX Font Info:    ... okay on input line 33.
LaTeX Font Info:    Checking defaults for OMS/cmsy/m/n on input line 33.
LaTeX Font Info:    ... okay on input line 33.
LaTeX Font Info:    Checking defaults for OT1/cmr/m/n on input line 33.
LaTeX Font Info:    ... okay on input line 33.
LaTeX Font Info:    Checking defaults for T1/cmr/m/n on input line 33.
LaTeX Font Info:    ... okay on input line 33.
LaTeX Font Info:    Checking defaults for TS1/cmr/m/n on input line 33.
LaTeX Font Info:    ... okay on input line 33.
LaTeX Font Info:    Checking defaults for OMX/cmex/m/n on input line 33.
LaTeX Font Info:    ... okay on input line 33.
LaTeX Font Info:    Checking defaults for U/cmr/m/n on input line 33.
LaTeX Font Info:    ... okay on input line 33.
LaTeX Font Info:    Checking defaults for PD1/pdf/m/n on input line 33.
LaTeX Font Info:    ... okay on input line 33.
LaTeX Font Info:    Checking defaults for PU/pdf/m/n on input line 33.
LaTeX Font Info:    ... okay on input line 33.

*geometry* driver: auto-detecting
*geometry* detected driver: pdftex
*geometry* verbose mode - [ preamble ] result:
* driver: pdftex
* paper: a4paper
* layout: <same size as paper>
* layoutoffset:(h,v)=(0.0pt,0.0pt)
* modes: 
* h-part:(L,W,R)=(99.58464pt, 441.01773pt, 56.9055pt)
* v-part:(T,H,B)=(99.58464pt, 660.10394pt, 85.35826pt)
* \paperwidth=597.50787pt
* \paperheight=845.04684pt
* \textwidth=441.01773pt
* \textheight=660.10394pt
* \oddsidemargin=27.31465pt
* \evensidemargin=27.31465pt
* \topmargin=-9.68535pt
* \headheight=12.0pt
* \headsep=25.0pt
* \topskip=12.0pt
* \footskip=30.0pt
* \marginparwidth=35.0pt
* \marginparsep=10.0pt
* \columnsep=10.0pt
* \skip\footins=10.8pt plus 4.0pt minus 2.0pt
* \hoffset=0.0pt
* \voffset=0.0pt
* \mag=1000
* \@twocolumnfalse
* \@twosidefalse
* \@mparswitchfalse
* \@reversemarginfalse
* (1in=72.27pt=25.4mm, 1cm=28.453pt)

Package hyperref Info: Link coloring OFF on input line 33.
(main.out) (main.out)
\@outlinefile=\write6
\openout6 = `main.out'.

Package biblatex Info: Trying to load language 'english'...
Package biblatex Info: ... file 'english.lbx' found.

(C:\Users\ASUS TUF GAMING\AppData\Local\Programs\MiKTeX\tex/latex/biblatex/lbx\
english.lbx
File: english.lbx 2023/03/05 v3.19 biblatex localization (PK/MW)
)
Package biblatex Info: Input encoding 'utf8' detected.
Package biblatex Info: Automatic encoding selection.
(biblatex)             Assuming data encoding 'utf8'.
\openout3 = `main.bcf'.

Package biblatex Info: Trying to load bibliographic data...
Package biblatex Info: ... file 'main.bbl' not found.

No file main.bbl.
Package biblatex Info: Reference section=0 on input line 33.
Package biblatex Info: Reference segment=0 on input line 33.

(C:\Users\ASUS TUF GAMING\AppData\Local\Programs\MiKTeX\tex/context/base/mkii\s
upp-pdf.mkii
[Loading MPS to PDF converter (version 2006.09.02).]
\scratchcounter=\count487
\scratchdimen=\dimen336
\scratchbox=\box127
\nofMPsegments=\count488
\nofMParguments=\count489
\everyMPshowfont=\toks45
\MPscratchCnt=\count490
\MPscratchDim=\dimen337
\MPnumerator=\count491
\makeMPintoPDFobject=\count492
\everyMPtoPDFconversion=\toks46
)
(C:\Users\ASUS TUF GAMING\AppData\Local\Programs\MiKTeX\tex/latex/epstopdf-pkg\
epstopdf-base.sty
Package: epstopdf-base 2020-01-24 v2.11 Base part for package epstopdf
Package epstopdf-base Info: Redefining graphics rule for `.eps' on input line 4
85.

(C:\Users\ASUS TUF GAMING\AppData\Local\Programs\MiKTeX\tex/latex/00miktex\epst
opdf-sys.cfg
File: epstopdf-sys.cfg 2021/03/18 v2.0 Configuration of epstopdf for MiKTeX
))
Package minitoc(hints) Info: I0049
(minitoc(hints))             ==> You requested the hints option. 
(minitoc(hints))             Some hints are eventually given below.
Package minitoc(hints) Info: I0042
(minitoc(hints))             --- The appendix package is loaded. 
(minitoc(hints))             See the minitoc package documentation 
(minitoc(hints))             for specific precautions.

(C:\Users\ASUS TUF GAMING\AppData\Local\Programs\MiKTeX\tex/latex/pdflscape\pdf
lscape.sty
Package: pdflscape 2022-10-27 v0.13 Display of landscape pages in PDF

(C:\Users\ASUS TUF GAMING\AppData\Local\Programs\MiKTeX\tex/latex/pdflscape\pdf
lscape-nometadata.sty
Package: pdflscape-nometadata 2022-10-28 v0.13 Display of landscape pages in PD
F (HO)

(C:\Users\ASUS TUF GAMING\AppData\Local\Programs\MiKTeX\tex/latex/graphics\lsca
pe.sty
Package: lscape 2020/05/28 v3.02 Landscape Pages (DPC)
)
Package pdflscape Info: Auto-detected driver: pdftex on input line 81.
))
Package caption Info: Begin \AtBeginDocument code.
Package caption Info: End \AtBeginDocument code.
\openout2 = `cover1.aux'.

 (cover1.tex
<lib/TDTlogo.jpg, id=161, 803.0pt x 444.66125pt>
File: lib/TDTlogo.jpg Graphic file (type jpg)
<use lib/TDTlogo.jpg>
Package pdftex.def Info: lib/TDTlogo.jpg  used on input line 5.
(pdftex.def)             Requested size: 220.50887pt x 122.10242pt.
) [1


{C:/Users/ASUS TUF GAMING/AppData/Local/MiKTeX/fonts/map/pdftex/pdftex.map} <./
lib/TDTlogo.jpg>]
\openout2 = `cover2.aux'.

 (cover2.tex
File: lib/TDTlogo.jpg Graphic file (type jpg)
<use lib/TDTlogo.jpg>
Package pdftex.def Info: lib/TDTlogo.jpg  used on input line 5.
(pdftex.def)             Requested size: 220.50887pt x 122.10242pt.
)
pdfTeX warning (ext4): destination with the same identifier (name{page.}) has b
een already used, duplicate ignored
<to be read again> 
                   \relax 
l.39 \include{cover2}
                      [2



]
\openout2 = `intro.aux'.

 (intro.tex
Underfull \hbox (badness 10000) in paragraph at lines 5--6

 []


Underfull \hbox (badness 10000) in paragraph at lines 7--8

 []

[1



]
Underfull \hbox (badness 10000) in paragraph at lines 14--15

 []


Underfull \hbox (badness 10000) in paragraph at lines 16--17

 []


Underfull \hbox (badness 10000) in paragraph at lines 18--19

 []

[2] [3]
Overfull \hbox (25.71353pt too wide) in paragraph at lines 42--52
\OT1/cmr/m/n/12 ...............................................................
...............................................................................
. 
 []


Overfull \hbox (25.71353pt too wide) in paragraph at lines 42--52
\OT1/cmr/m/n/12 ...............................................................
...............................................................................
. 
 []


Overfull \hbox (25.71353pt too wide) in paragraph at lines 42--52
\OT1/cmr/m/n/12 ...............................................................
...............................................................................
. 
 []


Overfull \hbox (25.71353pt too wide) in paragraph at lines 42--52
\OT1/cmr/m/n/12 ...............................................................
...............................................................................
. 
 []


Overfull \hbox (25.71353pt too wide) in paragraph at lines 42--52
\OT1/cmr/m/n/12 ...............................................................
...............................................................................
. 
 []


Overfull \hbox (25.71353pt too wide) in paragraph at lines 42--52
\OT1/cmr/m/n/12 ...............................................................
...............................................................................
. 
 []


Overfull \hbox (25.71353pt too wide) in paragraph at lines 42--52
\OT1/cmr/m/n/12 ...............................................................
...............................................................................
. 
 []


Overfull \hbox (25.71353pt too wide) in paragraph at lines 42--52
\OT1/cmr/m/n/12 ...............................................................
...............................................................................
. 
 []


Overfull \hbox (25.71353pt too wide) in paragraph at lines 42--52
\OT1/cmr/m/n/12 ...............................................................
...............................................................................
. 
 []


Overfull \hbox (25.71353pt too wide) in paragraph at lines 59--69
\OT1/cmr/m/n/12 ...............................................................
...............................................................................
. 
 []


Overfull \hbox (25.71353pt too wide) in paragraph at lines 59--69
\OT1/cmr/m/n/12 ...............................................................
...............................................................................
. 
 []


Overfull \hbox (25.71353pt too wide) in paragraph at lines 59--69
\OT1/cmr/m/n/12 ...............................................................
...............................................................................
. 
 []


Overfull \hbox (25.71353pt too wide) in paragraph at lines 59--69
\OT1/cmr/m/n/12 ...............................................................
...............................................................................
. 
 []


Overfull \hbox (25.71353pt too wide) in paragraph at lines 59--69
\OT1/cmr/m/n/12 ...............................................................
...............................................................................
. 
 []


Overfull \hbox (25.71353pt too wide) in paragraph at lines 59--69
\OT1/cmr/m/n/12 ...............................................................
...............................................................................
. 
 []


Overfull \hbox (25.71353pt too wide) in paragraph at lines 59--69
\OT1/cmr/m/n/12 ...............................................................
...............................................................................
. 
 []


Overfull \hbox (25.71353pt too wide) in paragraph at lines 59--69
\OT1/cmr/m/n/12 ...............................................................
...............................................................................
. 
 []


Overfull \hbox (25.71353pt too wide) in paragraph at lines 59--69
\OT1/cmr/m/n/12 ...............................................................
...............................................................................
. 
 []

[4])
Package minitoc Info: I0024
(minitoc)             PREPARING MINITOCS FROM main.toc on input line 49.
Package minitoc Info: I0033
(minitoc)             Writing main.mtc1.
\openout4 = `main.mtc1'.

Package minitoc Info: I0033
(minitoc)             Writing main.mtc2.
\openout4 = `main.mtc2'.

Package minitoc Info: I0033
(minitoc)             Writing main.mtc3.
\openout4 = `main.mtc3'.

Package minitoc Info: I0033
(minitoc)             Writing main.mtc4.
\openout4 = `main.mtc4'.

Package minitoc Info: I0033
(minitoc)             Writing main.mtc5.
\openout4 = `main.mtc5'.

Package minitoc Info: I0033
(minitoc)             Writing main.mtc6.
\openout4 = `main.mtc6'.

 (main.toc
LaTeX Font Info:    Trying to load font information for U+msa on input line 3.

(C:\Users\ASUS TUF GAMING\AppData\Local\Programs\MiKTeX\tex/latex/amsfonts\umsa
.fd
File: umsa.fd 2013/01/14 v3.01 AMS symbols A
)
LaTeX Font Info:    Trying to load font information for U+msb on input line 3.

(C:\Users\ASUS TUF GAMING\AppData\Local\Programs\MiKTeX\tex/latex/amsfonts\umsb
.fd
File: umsb.fd 2013/01/14 v3.01 AMS symbols B
) [5




])
\tf@toc=\write7
\openout7 = `main.toc'.

 [6] (main.lot)
\tf@lot=\write8
\openout8 = `main.lot'.

 [7

] (main.lof [8

])
\tf@lof=\write9
\openout9 = `main.lof'.

 [9]
Chapter 1.
[1




]
\openout2 = `chapter1.aux'.

 (chapter1.tex
Underfull \hbox (badness 10000) in paragraph at lines 2--4

 []


Underfull \hbox (badness 10000) in paragraph at lines 5--6

 []


Underfull \hbox (badness 10000) in paragraph at lines 7--8

 []


Underfull \hbox (badness 10000) in paragraph at lines 9--10

 []


Underfull \hbox (badness 10000) in paragraph at lines 11--12

 []


Underfull \hbox (badness 10000) in paragraph at lines 14--16

 []

[2

]
Underfull \hbox (badness 10000) in paragraph at lines 17--18

 []


Underfull \hbox (badness 10000) in paragraph at lines 19--20

 []


Underfull \hbox (badness 10000) in paragraph at lines 21--22

 []


Underfull \hbox (badness 10000) in paragraph at lines 23--24

 []

) [3]
Chapter 2.
[4



]
\openout2 = `chapter2.aux'.

 (chapter2.tex
Underfull \hbox (badness 10000) in paragraph at lines 2--4

 []

[5

]) [6]
Chapter 3.
[7



]
\openout2 = `chapter3.aux'.

 (chapter3.tex
<graph.png, id=337, 202.356pt x 182.1204pt>
File: graph.png Graphic file (type png)
<use graph.png>
Package pdftex.def Info: graph.png  used on input line 12.
(pdftex.def)             Requested size: 176.40439pt x 158.77138pt.
<Undirected-graph-and-b-directed-graph.png, id=339, 482.80376pt x 253.94875pt>
File: Undirected-graph-and-b-directed-graph.png Graphic file (type png)
<use Undirected-graph-and-b-directed-graph.png>
Package pdftex.def Info: Undirected-graph-and-b-directed-graph.png  used on inp
ut line 25.
(pdftex.def)             Requested size: 176.40439pt x 92.78545pt.
 [8

 <./graph.png> <./Undirected-graph-and-b-directed-graph.png>]
<cnn_on_img.png, id=347, 770.88pt x 387.4475pt>
File: cnn_on_img.png Graphic file (type png)
<use cnn_on_img.png>
Package pdftex.def Info: cnn_on_img.png  used on input line 56.
(pdftex.def)             Requested size: 308.71106pt x 155.15952pt.
 [9]
<basis-gnn.png, id=352, 583.4598pt x 217.2115pt>
File: basis-gnn.png Graphic file (type png)
<use basis-gnn.png>
Package pdftex.def Info: basis-gnn.png  used on input line 77.
(pdftex.def)             Requested size: 308.71106pt x 114.9293pt.
 [10 <./cnn_on_img.png>]
<chap2/2.png, id=357, 942.6417pt x 295.22295pt>
File: chap2/2.png Graphic file (type png)
<use chap2/2.png>
Package pdftex.def Info: chap2/2.png  used on input line 94.
(pdftex.def)             Requested size: 308.71106pt x 96.68509pt.
 [11 <./basis-gnn.png> <./chap2/2.png (PNG copy)>]
<chap2/3.png, id=364, 583.4598pt x 217.2115pt>
File: chap2/3.png Graphic file (type png)
<use chap2/3.png>
Package pdftex.def Info: chap2/3.png  used on input line 109.
(pdftex.def)             Requested size: 308.71106pt x 114.9293pt.
<chap2/4.png, id=365, 557.6835pt x 218.8978pt>
File: chap2/4.png Graphic file (type png)
<use chap2/4.png>
Package pdftex.def Info: chap2/4.png  used on input line 117.
(pdftex.def)             Requested size: 308.71106pt x 121.17574pt.
<chap2/5.png, id=366, 534.3965pt x 230.9428pt>
File: chap2/5.png Graphic file (type png)
<use chap2/5.png>
Package pdftex.def Info: chap2/5.png  used on input line 125.
(pdftex.def)             Requested size: 308.71106pt x 133.4148pt.
 [12 <./chap2/3.png> <./chap2/4.png> <./chap2/5.png>]
<chap2/6.png, id=379, 560.7349pt x 236.8047pt>
File: chap2/6.png Graphic file (type png)
<use chap2/6.png>
Package pdftex.def Info: chap2/6.png  used on input line 135.
(pdftex.def)             Requested size: 308.71106pt x 130.37306pt.
<chap2/7.png, id=380, 1103.20155pt x 220.9053pt>
File: chap2/7.png Graphic file (type png)
<use chap2/7.png>
Package pdftex.def Info: chap2/7.png  used on input line 144.
(pdftex.def)             Requested size: 308.71106pt x 61.81598pt.
) [13 <./chap2/6.png> <./chap2/7.png (PNG copy)>]
Chapter 4.
[14



]
\openout2 = `chapter4.aux'.

 (chapter4.tex
Underfull \hbox (badness 10000) in paragraph at lines 3--5

 []


Overfull \hbox (1.19112pt too wide) in paragraph at lines 12--12
[]|\OT1/cmr/m/n/12 Categorical| 
 []


Overfull \hbox (23.37357pt too wide) in paragraph at lines 7--24
[][] 
 []

<chap4/unique_values.png, id=393, 554.07pt x 200.24812pt>
File: chap4/unique_values.png Graphic file (type png)
<use chap4/unique_values.png>
Package pdftex.def Info: chap4/unique_values.png  used on input line 33.
(pdftex.def)             Requested size: 308.71106pt x 111.5729pt.
[15

]
<chap4/missing_values.png, id=398, 345.54094pt x 332.74312pt>
File: chap4/missing_values.png Graphic file (type png)
<use chap4/missing_values.png>
Package pdftex.def Info: chap4/missing_values.png  used on input line 51.
(pdftex.def)             Requested size: 308.71106pt x 297.2828pt.
 [16 <./chap4/unique_values.png (PNG copy)>]
Underfull \hbox (badness 10000) in paragraph at lines 56--57

 []

<chap4/1.png, id=404, 593.96906pt x 588.69937pt>
File: chap4/1.png Graphic file (type png)
<use chap4/1.png>
Package pdftex.def Info: chap4/1.png  used on input line 63.
(pdftex.def)             Requested size: 308.71106pt x 305.9817pt.
[17 <./chap4/missing_values.png (PNG copy)>]
<chap4/2.png, id=409, 1120.9378pt x 444.15938pt>
File: chap4/2.png Graphic file (type png)
<use chap4/2.png>
Package pdftex.def Info: chap4/2.png  used on input line 70.
(pdftex.def)             Requested size: 308.71106pt x 122.32379pt.
<chap4/3.png, id=410, 362.10281pt x 379.4175pt>
File: chap4/3.png Graphic file (type png)
<use chap4/3.png>
Package pdftex.def Info: chap4/3.png  used on input line 77.
(pdftex.def)             Requested size: 308.71106pt x 323.47902pt.
 [18 <./chap4/1.png> <./chap4/2.png>]
<chap4/4.png, id=417, 883.04906pt x 721.19438pt>
File: chap4/4.png Graphic file (type png)
<use chap4/4.png>
Package pdftex.def Info: chap4/4.png  used on input line 84.
(pdftex.def)             Requested size: 308.71106pt x 252.1247pt.
 [19 <./chap4/3.png>]
Overfull \hbox (40.55396pt too wide) in paragraph at lines 93--95
  \OT1/cmr/m/n/12 The dataset con-tained null val-ues in one fea-ture, namely \
OT1/cmtt/m/n/12 amount[]to[]oldbalanceOrg[]ratio\OT1/cmr/m/n/12 .
 []

[20 <./chap4/4.png>] [21]
<chap4/5.png, id=434, 615.0478pt x 468.24937pt>
File: chap4/5.png Graphic file (type png)
<use chap4/5.png>
Package pdftex.def Info: chap4/5.png  used on input line 153.
(pdftex.def)             Requested size: 308.71106pt x 235.03151pt.
 [22 <./chap4/5.png (PNG copy)>] [23]
Overfull \hbox (21.58801pt too wide) in paragraph at lines 210--211
\OT1/cmr/m/n/12 em-bed-dings are gen-er-ated by ap-ply-ing the first graph con-
vo-lu-tional layer (gnn[]model.conv1)
 []

[24]
Overfull \hbox (26.57513pt too wide) in paragraph at lines 290--291
 [][] 
 []

) [25]
Chapter 5.
[26



]
\openout2 = `chapter5.aux'.

 (chapter5.tex
<chap4/6.png, id=458, 520.94624pt x 421.575pt>
File: chap4/6.png Graphic file (type png)
<use chap4/6.png>
Package pdftex.def Info: chap4/6.png  used on input line 44.
(pdftex.def)             Requested size: 308.71106pt x 249.82707pt.
 [27

]
Overfull \hbox (7.4779pt too wide) in paragraph at lines 68--68
[]\OT1/cmr/bx/n/17.28 Receiver Op-er-at-ing Char-ac-ter-is-tic (ROC) Curve
 []

[28 <./chap4/6.png (PNG copy)>]
<chap4/7.png, id=467, 520.19344pt x 410.2828pt>
File: chap4/7.png Graphic file (type png)
<use chap4/7.png>
Package pdftex.def Info: chap4/7.png  used on input line 82.
(pdftex.def)             Requested size: 308.71106pt x 243.48587pt.

Overfull \hbox (3.95253pt too wide) in paragraph at lines 91--92
[]\OT1/cmr/bx/n/12 Model Op-ti-miza-tion: \OT1/cmr/m/n/12 Fine-tune hy-per-pa-r
am-e-ters and ar-chi-tec-ture of the Graph
 []

[29 <./chap4/7.png>]) [30]
\openout2 = `references.aux'.

 (references.tex) [31





pdfTeX warning (ext4): destination with the same identifier (name{cite.}) has b
een already used, duplicate ignored
<argument> ...shipout:D \box_use:N \l_shipout_box 
                                                  \__shipout_drop_firstpage_...
l.94 \include{references}
                         
pdfTeX warning (ext4): destination with the same identifier (name{cite.}) has b
een already used, duplicate ignored
<argument> ...shipout:D \box_use:N \l_shipout_box 
                                                  \__shipout_drop_firstpage_...
l.94 \include{references}
                         
pdfTeX warning (ext4): destination with the same identifier (name{cite.}) has b
een already used, duplicate ignored
<argument> ...shipout:D \box_use:N \l_shipout_box 
                                                  \__shipout_drop_firstpage_...
l.94 \include{references}
                         ]
Package minitoc Info: I0009
(minitoc)             Listing minitoc auxiliary files. 
(minitoc)             Creating the main.maf file.
\openout4 = `main.maf'.



Package minitoc(hints) Warning: W0078
(minitoc(hints))                You have used \dominitoc, 
(minitoc(hints))                but not \minitoc.


Package minitoc(hints) Warning: W0033
(minitoc(hints))                The caption package should be 
(minitoc(hints))                loaded BEFORE the minitoc package.

Package minitoc(hints) Info: I0053
(minitoc(hints))             You have loaded the float package; 
(minitoc(hints))             please be aware that the minitoc package 
(minitoc(hints))             facilities can not be used for new types 
(minitoc(hints))             of floats defined by the float package.

Package minitoc(hints) Warning: W0024
(minitoc(hints))                Some hints have been written 
(minitoc(hints))                in the main.log file.

[32


] (main.aux (cover1.aux) (cover2.aux) (intro.aux) (chapter1.aux)
(chapter2.aux) (chapter3.aux) (chapter4.aux) (chapter5.aux) (references.aux))
 ***********
LaTeX2e <2023-11-01> patch level 1
L3 programming layer <2024-02-20>
 ***********


LaTeX Warning: There were multiply-defined labels.

Package rerunfilecheck Info: File `main.out' has not changed.
(rerunfilecheck)             Checksum: 87AB6935FF6CCB1EF72B4865A0360811;7466.
Package logreq Info: Writing requests to 'main.run.xml'.
\openout1 = `main.run.xml'.

 ) 
Here is how much of TeX's memory you used:
 35413 strings out of 474436
 677575 string characters out of 5737198
 1939190 words of memory out of 5000000
 57045 multiletter control sequences out of 15000+600000
 565950 words of font info for 65 fonts, out of 8000000 for 9000
 1141 hyphenation exceptions out of 8191
 90i,10n,95p,881b,2177s stack positions out of 10000i,1000n,20000p,200000b,200000s
 <C:\Users\ASUS TUF GAMING\AppData\Local\MiKTeX\fonts/pk/ljfour/jknappen/ec/d
pi600\tcrm1200.pk><C:/Users/ASUS TUF GAMING/AppData/Local/Programs/MiKTeX/fonts
/type1/public/amsfonts/cm/cmbx12.pfb><C:/Users/ASUS TUF GAMING/AppData/Local/Pr
ograms/MiKTeX/fonts/type1/public/amsfonts/cm/cmmi12.pfb><C:/Users/ASUS TUF GAMI
NG/AppData/Local/Programs/MiKTeX/fonts/type1/public/amsfonts/cm/cmr12.pfb><C:/U
sers/ASUS TUF GAMING/AppData/Local/Programs/MiKTeX/fonts/type1/public/amsfonts/
cm/cmr17.pfb><C:/Users/ASUS TUF GAMING/AppData/Local/Programs/MiKTeX/fonts/type
1/public/amsfonts/cm/cmr8.pfb><C:/Users/ASUS TUF GAMING/AppData/Local/Programs/
MiKTeX/fonts/type1/public/amsfonts/cm/cmtt12.pfb>
Output written on main.pdf (43 pages, 4562279 bytes).
PDF statistics:
 546 PDF objects out of 1000 (max. 8388607)
 114 named destinations out of 1000 (max. 500000)
 425 words of extra memory for PDF output out of 10000 (max. 10000000)

