\BOOKMARK [0][-]{chapter.1}{\376\377\000I\000n\000t\000r\000o\000d\000u\000c\000t\000i\000o\000n}{}% 1
\BOOKMARK [1][-]{section.1.1}{\376\377\000B\000a\000c\000k\000g\000r\000o\000u\000n\000d\000\040\000a\000n\000d\000\040\000M\000o\000t\000i\000v\000a\000t\000i\000o\000n}{chapter.1}% 2
\BOOKMARK [1][-]{section.1.2}{\376\377\000O\000b\000j\000e\000c\000t\000i\000v\000e\000s\000\040\000o\000f\000\040\000t\000h\000e\000\040\000P\000r\000o\000j\000e\000c\000t}{chapter.1}% 3
\BOOKMARK [0][-]{chapter.2}{\376\377\000L\000i\000t\000e\000r\000a\000t\000u\000r\000e\000\040\000R\000e\000v\000i\000e\000w}{}% 4
\BOOKMARK [1][-]{section.2.1}{\376\377\000P\000r\000e\000v\000i\000o\000u\000s\000\040\000a\000p\000p\000r\000o\000a\000c\000h\000e\000s\000\040\000t\000o\000\040\000f\000r\000a\000u\000d\000\040\000d\000e\000t\000e\000c\000t\000i\000o\000n\000\040\000i\000n\000\040\000o\000n\000l\000i\000n\000e\000\040\000p\000a\000y\000m\000e\000n\000t\000s}{chapter.2}% 5
\BOOKMARK [2][-]{subsection.2.1.1}{\376\377\000R\000u\000l\000e\000-\000b\000a\000s\000e\000d\000\040\000S\000y\000s\000t\000e\000m\000s}{section.2.1}% 6
\BOOKMARK [2][-]{subsection.2.1.2}{\376\377\000S\000u\000p\000e\000r\000v\000i\000s\000e\000d\000\040\000M\000a\000c\000h\000i\000n\000e\000\040\000L\000e\000a\000r\000n\000i\000n\000g}{section.2.1}% 7
\BOOKMARK [2][-]{subsection.2.1.3}{\376\377\000A\000n\000o\000m\000a\000l\000y\000\040\000D\000e\000t\000e\000c\000t\000i\000o\000n}{section.2.1}% 8
\BOOKMARK [2][-]{subsection.2.1.4}{\376\377\000F\000e\000a\000t\000u\000r\000e\000\040\000E\000n\000g\000i\000n\000e\000e\000r\000i\000n\000g\000\040\000a\000n\000d\000\040\000T\000r\000a\000n\000s\000a\000c\000t\000i\000o\000n\000\040\000P\000r\000o\000f\000i\000l\000i\000n\000g}{section.2.1}% 9
\BOOKMARK [2][-]{subsection.2.1.5}{\376\377\000D\000e\000e\000p\000\040\000L\000e\000a\000r\000n\000i\000n\000g\000\040\000A\000p\000p\000r\000o\000a\000c\000h\000e\000s}{section.2.1}% 10
\BOOKMARK [0][-]{chapter.3}{\376\377\000T\000h\000e\000o\000r\000e\000t\000i\000c\000a\000l\000\040\000B\000a\000s\000i\000s}{}% 11
\BOOKMARK [1][-]{section.3.1}{\376\377\000B\000a\000s\000i\000c\000\040\000g\000r\000a\000p\000h\000\040\000t\000h\000e\000o\000r\000y}{chapter.3}% 12
\BOOKMARK [2][-]{subsection.3.1.1}{\376\377\000G\000r\000a\000p\000h\000,\000\040\000v\000e\000r\000t\000e\000x\000\040\000a\000n\000d\000\040\000e\000d\000g\000e}{section.3.1}% 13
\BOOKMARK [2][-]{subsection.3.1.2}{\376\377\000U\000n\000d\000i\000r\000e\000c\000t\000e\000d\000\040\000G\000r\000a\000p\000h\000\040\000a\000n\000d\000\040\000D\000i\000r\000e\000c\000t\000e\000d\000\040\000G\000r\000a\000p\000h}{section.3.1}% 14
\BOOKMARK [2][-]{subsection.3.1.3}{\376\377\000D\000e\000g\000r\000e\000e\000,\000\040\000p\000a\000t\000h\000\040\000a\000n\000d\000\040\000c\000y\000c\000l\000e}{section.3.1}% 15
\BOOKMARK [1][-]{section.3.2}{\376\377\000G\000r\000a\000p\000h\000\040\000N\000e\000u\000r\000a\000l\000\040\000N\000e\000t\000w\000o\000r\000k}{chapter.3}% 16
\BOOKMARK [2][-]{subsection.3.2.1}{\376\377\000W\000h\000y\000\040\000d\000o\000\040\000C\000o\000n\000v\000o\000l\000u\000t\000i\000o\000n\000a\000l\000\040\000N\000e\000u\000r\000a\000l\000\040\000N\000e\000t\000w\000o\000r\000k\000s\000\040\000\050\000C\000N\000N\000s\000\051\000\040\000f\000a\000i\000l\000\040\000o\000n\000\040\000g\000r\000a\000p\000h\000s\000?}{section.3.2}% 17
\BOOKMARK [2][-]{subsection.3.2.2}{\376\377\000T\000h\000e\000\040\000s\000i\000m\000p\000l\000e\000s\000t\000\040\000G\000N\000N}{section.3.2}% 18
\BOOKMARK [2][-]{subsection.3.2.3}{\376\377\000G\000N\000N\000\040\000P\000r\000e\000d\000i\000c\000t\000i\000o\000n\000s\000\040\000b\000y\000\040\000P\000o\000o\000l\000i\000n\000g\000\040\000I\000n\000f\000o\000r\000m\000a\000t\000i\000o\000n}{section.3.2}% 19
\BOOKMARK [0][-]{chapter.4}{\376\377\000M\000e\000t\000h\000o\000d\000o\000l\000o\000g\000y}{}% 20
\BOOKMARK [1][-]{section.4.1}{\376\377\000D\000a\000t\000a\000\040\000r\000e\000v\000i\000e\000w\000i\000n\000g}{chapter.4}% 21
\BOOKMARK [2][-]{subsection.4.1.1}{\376\377\000D\000a\000t\000a\000\040\000d\000e\000s\000c\000r\000i\000p\000t\000i\000o\000n}{section.4.1}% 22
\BOOKMARK [2][-]{subsection.4.1.2}{\376\377\000C\000h\000e\000c\000k\000\040\000u\000n\000i\000q\000u\000e\000\040\000v\000a\000l\000u\000e\000s}{section.4.1}% 23
\BOOKMARK [2][-]{subsection.4.1.3}{\376\377\000C\000h\000e\000c\000k\000\040\000m\000i\000s\000s\000i\000n\000g\000\040\000v\000a\000l\000u\000e\000s}{section.4.1}% 24
\BOOKMARK [1][-]{section.4.2}{\376\377\000D\000a\000t\000a\000\040\000v\000i\000s\000u\000a\000l\000i\000z\000a\000t\000i\000o\000n}{chapter.4}% 25
\BOOKMARK [1][-]{section.4.3}{\376\377\000D\000a\000t\000a\000\040\000p\000r\000e\000p\000r\000o\000c\000e\000s\000s\000i\000n\000g}{chapter.4}% 26
\BOOKMARK [2][-]{subsection.4.3.1}{\376\377\000R\000e\000m\000o\000v\000e\000\040\000n\000u\000l\000l\000\040\000v\000a\000l\000u\000e\000s}{section.4.3}% 27
\BOOKMARK [2][-]{subsection.4.3.2}{\376\377\000D\000e\000t\000e\000r\000m\000i\000n\000e\000\040\000t\000r\000a\000n\000s\000a\000c\000t\000i\000o\000n\000\040\000d\000i\000r\000e\000c\000t\000i\000o\000n}{section.4.3}% 28
\BOOKMARK [2][-]{subsection.4.3.3}{\376\377\000C\000r\000e\000a\000t\000e\000\040\000a\000m\000o\000u\000n\000t\000\040\000b\000i\000n\000s}{section.4.3}% 29
\BOOKMARK [2][-]{subsection.4.3.4}{\376\377\000E\000n\000c\000o\000d\000e\000\040\000c\000a\000t\000e\000g\000o\000r\000i\000c\000a\000l\000\040\000f\000e\000a\000t\000u\000r\000e\000s}{section.4.3}% 30
\BOOKMARK [2][-]{subsection.4.3.5}{\376\377\000C\000o\000n\000s\000t\000r\000u\000c\000t\000\040\000N\000o\000d\000e\000\040\000F\000e\000a\000t\000u\000r\000e\000s\000\040\000a\000n\000d\000\040\000E\000d\000g\000e\000s}{section.4.3}% 31
\BOOKMARK [1][-]{section.4.4}{\376\377\000G\000r\000a\000p\000h\000\040\000N\000e\000u\000r\000a\000l\000\040\000N\000e\000t\000w\000o\000r\000k\000\040\000A\000r\000c\000h\000i\000t\000e\000c\000t\000u\000r\000e}{chapter.4}% 32
\BOOKMARK [1][-]{section.4.5}{\376\377\000T\000r\000a\000i\000n\000i\000n\000g\000\040\000t\000h\000e\000\040\000G\000r\000a\000p\000h\000\040\000N\000e\000u\000r\000a\000l\000\040\000N\000e\000t\000w\000o\000r\000k}{chapter.4}% 33
\BOOKMARK [1][-]{section.4.6}{\376\377\000A\000n\000o\000m\000a\000l\000y\000\040\000D\000e\000t\000e\000c\000t\000i\000o\000n\000\040\000a\000n\000d\000\040\000F\000r\000a\000u\000d\000\040\000I\000d\000e\000n\000t\000i\000f\000i\000c\000a\000t\000i\000o\000n}{chapter.4}% 34
\BOOKMARK [0][-]{chapter.5}{\376\377\000R\000e\000s\000u\000l\000t\000s\000\040\000a\000n\000d\000\040\000D\000a\000t\000a\000\040\000A\000n\000a\000l\000y\000s\000i\000s}{}% 35
\BOOKMARK [1][-]{section.5.1}{\376\377\000E\000v\000a\000l\000u\000a\000t\000i\000o\000n\000\040\000M\000e\000t\000r\000i\000c\000s}{chapter.5}% 36
\BOOKMARK [1][-]{section.5.2}{\376\377\000R\000e\000c\000e\000i\000v\000e\000r\000\040\000O\000p\000e\000r\000a\000t\000i\000n\000g\000\040\000C\000h\000a\000r\000a\000c\000t\000e\000r\000i\000s\000t\000i\000c\000\040\000\050\000R\000O\000C\000\051\000\040\000C\000u\000r\000v\000e\000\040\000A\000n\000a\000l\000y\000s\000i\000s}{chapter.5}% 37
\BOOKMARK [1][-]{section.5.3}{\376\377\000D\000e\000v\000e\000l\000o\000p\000m\000e\000n\000t\000\040\000D\000i\000r\000e\000c\000t\000i\000o\000n\000s}{chapter.5}% 38
\BOOKMARK [0][-]{section.5.3}{\376\377\000R\000e\000f\000e\000r\000e\000n\000c\000e\000s}{}% 39
